<?xml version="1.0" encoding="UTF-8"?>
<testng-results ignored="0" total="14" passed="11" failed="0" skipped="3">
  <reporter-output>
  </reporter-output>
  <suite started-at="2021-03-03T15:33:41 IST" name="Shopping Website Flipkart Automation" finished-at="2021-03-03T15:36:45 IST" duration-ms="184411">
    <groups>
    </groups>
    <test started-at="2021-03-03T15:33:41 IST" name="Test" finished-at="2021-03-03T15:36:45 IST" duration-ms="184411">
      <class name="com.SignUpTest">
        <test-method signature="testLog()[pri:0, instance:com.SignUpTest@1ecfcbc9]" started-at="2021-03-03T15:35:30 IST" name="testLog" finished-at="2021-03-03T15:35:30 IST" duration-ms="0" status="PASS">
          <reporter-output>
          </reporter-output>
        </test-method> <!-- testLog -->
        <test-method is-config="true" signature="end()[pri:0, instance:com.SignUpTest@1ecfcbc9]" started-at="2021-03-03T15:35:30 IST" name="end" finished-at="2021-03-03T15:35:30 IST" duration-ms="0" status="PASS">
          <reporter-output>
          </reporter-output>
        </test-method> <!-- end -->
        <test-method signature="signUpTest(java.util.Hashtable)[pri:0, instance:com.SignUpTest@1ecfcbc9]" started-at="2021-03-03T15:35:31 IST" name="signUpTest" data-provider="dp" finished-at="2021-03-03T15:36:04 IST" duration-ms="33664" status="PASS">
          <params>
            <param index="0">
              <value>
                <![CDATA[{runmode=Y, username=9.73209732E9}]]>
              </value>
            </param>
          </params>
          <reporter-output>
          </reporter-output>
        </test-method> <!-- signUpTest -->
        <test-method is-config="true" signature="end()[pri:0, instance:com.SignUpTest@1ecfcbc9]" started-at="2021-03-03T15:36:04 IST" name="end" finished-at="2021-03-03T15:36:05 IST" duration-ms="710" status="PASS">
          <reporter-output>
          </reporter-output>
        </test-method> <!-- end -->
        <test-method signature="signUpTest(java.util.Hashtable)[pri:0, instance:com.SignUpTest@1ecfcbc9]" started-at="2021-03-03T15:36:05 IST" name="signUpTest" data-provider="dp" finished-at="2021-03-03T15:36:05 IST" duration-ms="0" status="SKIP">
          <params>
            <param index="0">
              <value>
                <![CDATA[{runmode=N, username=9732197321jello@jel.com}]]>
              </value>
            </param>
          </params>
          <exception class="org.testng.SkipException">
            <message>
              <![CDATA[Sign Up Skipped as the runmode is No]]>
            </message>
            <full-stacktrace>
              <![CDATA[org.testng.SkipException: Sign Up Skipped as the runmode is No
at com.SignUpTest.signUpTest(SignUpTest.java:18)
at java.base/jdk.internal.reflect.NativeMethodAccessorImpl.invoke0(Native Method)
at java.base/jdk.internal.reflect.NativeMethodAccessorImpl.invoke(NativeMethodAccessorImpl.java:62)
at java.base/jdk.internal.reflect.DelegatingMethodAccessorImpl.invoke(DelegatingMethodAccessorImpl.java:43)
at java.base/java.lang.reflect.Method.invoke(Method.java:566)
at org.testng.internal.MethodInvocationHelper.invokeMethod(MethodInvocationHelper.java:133)
at org.testng.internal.TestInvoker.invokeMethod(TestInvoker.java:598)
at org.testng.internal.TestInvoker.invokeTestMethod(TestInvoker.java:173)
at org.testng.internal.MethodRunner.runInSequence(MethodRunner.java:46)
at org.testng.internal.TestInvoker$MethodInvocationAgent.invoke(TestInvoker.java:824)
at org.testng.internal.TestInvoker.invokeTestMethods(TestInvoker.java:146)
at org.testng.internal.TestMethodWorker.invokeTestMethods(TestMethodWorker.java:146)
at org.testng.internal.TestMethodWorker.run(TestMethodWorker.java:128)
at java.base/java.util.ArrayList.forEach(ArrayList.java:1541)
at org.testng.TestRunner.privateRun(TestRunner.java:794)
at org.testng.TestRunner.run(TestRunner.java:596)
at org.testng.SuiteRunner.runTest(SuiteRunner.java:377)
at org.testng.SuiteRunner.runSequentially(SuiteRunner.java:371)
at org.testng.SuiteRunner.privateRun(SuiteRunner.java:332)
at org.testng.SuiteRunner.run(SuiteRunner.java:276)
at org.testng.SuiteRunnerWorker.runSuite(SuiteRunnerWorker.java:53)
at org.testng.SuiteRunnerWorker.run(SuiteRunnerWorker.java:96)
at org.testng.TestNG.runSuitesSequentially(TestNG.java:1212)
at org.testng.TestNG.runSuitesLocally(TestNG.java:1134)
at org.testng.TestNG.runSuites(TestNG.java:1063)
at org.testng.TestNG.run(TestNG.java:1031)
at org.apache.maven.surefire.testng.TestNGExecutor.run(TestNGExecutor.java:178)
at org.apache.maven.surefire.testng.TestNGXmlTestSuite.execute(TestNGXmlTestSuite.java:92)
at org.apache.maven.surefire.testng.TestNGProvider.invoke(TestNGProvider.java:96)
at java.base/jdk.internal.reflect.NativeMethodAccessorImpl.invoke0(Native Method)
at java.base/jdk.internal.reflect.NativeMethodAccessorImpl.invoke(NativeMethodAccessorImpl.java:62)
at java.base/jdk.internal.reflect.DelegatingMethodAccessorImpl.invoke(DelegatingMethodAccessorImpl.java:43)
at java.base/java.lang.reflect.Method.invoke(Method.java:566)
at org.apache.maven.surefire.util.ReflectionUtils.invokeMethodWithArray2(ReflectionUtils.java:208)
at org.apache.maven.surefire.booter.ProviderFactory$ProviderProxy.invoke(ProviderFactory.java:159)
at org.apache.maven.surefire.booter.ProviderFactory.invokeProvider(ProviderFactory.java:87)
at org.apache.maven.surefire.booter.ForkedBooter.runSuitesInProcess(ForkedBooter.java:153)
at org.apache.maven.surefire.booter.ForkedBooter.main(ForkedBooter.java:95)
]]>
            </full-stacktrace>
          </exception> <!-- org.testng.SkipException -->
          <reporter-output>
          </reporter-output>
        </test-method> <!-- signUpTest -->
        <test-method is-config="true" signature="end()[pri:0, instance:com.SignUpTest@1ecfcbc9]" started-at="2021-03-03T15:36:05 IST" name="end" finished-at="2021-03-03T15:36:05 IST" duration-ms="0" status="PASS">
          <reporter-output>
          </reporter-output>
        </test-method> <!-- end -->
      </class> <!-- com.SignUpTest -->
      <class name="com.PdfHandlingTest">
        <test-method is-config="true" signature="setup()[pri:0, instance:com.PdfHandlingTest@4af46df3]" started-at="2021-03-03T15:34:29 IST" name="setup" finished-at="2021-03-03T15:34:37 IST" duration-ms="7970" status="PASS">
          <reporter-output>
          </reporter-output>
        </test-method> <!-- setup -->
        <test-method signature="verifyContentInPDf()[pri:0, instance:com.PdfHandlingTest@4af46df3]" started-at="2021-03-03T15:34:37 IST" name="verifyContentInPDf" finished-at="2021-03-03T15:34:54 IST" duration-ms="16502" status="PASS">
          <reporter-output>
          </reporter-output>
        </test-method> <!-- verifyContentInPDf -->
        <test-method is-config="true" signature="tearDown()[pri:0, instance:com.PdfHandlingTest@4af46df3]" started-at="2021-03-03T15:34:54 IST" name="tearDown" finished-at="2021-03-03T15:34:54 IST" duration-ms="720" status="PASS">
          <reporter-output>
          </reporter-output>
        </test-method> <!-- tearDown -->
        <test-method is-config="true" signature="tearDown()[pri:0, instance:com.PdfHandlingTest@4af46df3]" started-at="2021-03-03T15:36:45 IST" name="tearDown" finished-at="2021-03-03T15:36:45 IST" duration-ms="0" status="PASS">
          <reporter-output>
          </reporter-output>
        </test-method> <!-- tearDown -->
      </class> <!-- com.PdfHandlingTest -->
      <class name="com.HomepageTest">
        <test-method is-config="true" signature="startUrl()[pri:0, instance:com.HomepageTest@319854f0]" started-at="2021-03-03T15:33:41 IST" name="startUrl" finished-at="2021-03-03T15:34:25 IST" duration-ms="44502" status="PASS">
          <reporter-output>
          </reporter-output>
        </test-method> <!-- startUrl -->
        <test-method signature="homePageTest()[pri:0, instance:com.HomepageTest@319854f0]" started-at="2021-03-03T15:34:29 IST" name="homePageTest" finished-at="2021-03-03T15:34:29 IST" duration-ms="0" status="PASS">
          <reporter-output>
          </reporter-output>
        </test-method> <!-- homePageTest -->
        <test-method signature="testLog()[pri:0, instance:com.HomepageTest@319854f0]" started-at="2021-03-03T15:34:29 IST" name="testLog" finished-at="2021-03-03T15:34:29 IST" duration-ms="0" status="PASS">
          <reporter-output>
          </reporter-output>
        </test-method> <!-- testLog -->
        <test-method is-config="true" signature="closeBrowser()[pri:0, instance:com.HomepageTest@319854f0]" started-at="2021-03-03T15:36:45 IST" name="closeBrowser" finished-at="2021-03-03T15:36:45 IST" duration-ms="0" status="PASS">
          <reporter-output>
          </reporter-output>
        </test-method> <!-- closeBrowser -->
      </class> <!-- com.HomepageTest -->
      <class name="com.MySqlConTest">
        <test-method signature="retrieveData()[pri:0, instance:com.MySqlConTest@5cf87cfd]" started-at="2021-03-03T15:34:26 IST" name="retrieveData" finished-at="2021-03-03T15:34:29 IST" duration-ms="2862" status="PASS">
          <reporter-output>
          </reporter-output>
        </test-method> <!-- retrieveData -->
        <test-method signature="testLog()[pri:0, instance:com.MySqlConTest@5cf87cfd]" started-at="2021-03-03T15:34:29 IST" name="testLog" finished-at="2021-03-03T15:34:29 IST" duration-ms="2" status="PASS">
          <reporter-output>
          </reporter-output>
        </test-method> <!-- testLog -->
      </class> <!-- com.MySqlConTest -->
      <class name="com.SignInTest">
        <test-method is-config="true" signature="end()[pri:0, instance:com.SignInTest@4158debd]" started-at="2021-03-03T15:34:54 IST" name="end" finished-at="2021-03-03T15:34:55 IST" duration-ms="608" status="PASS">
          <reporter-output>
          </reporter-output>
        </test-method> <!-- end -->
        <test-method signature="testLog()[pri:0, instance:com.SignInTest@4158debd]" started-at="2021-03-03T15:34:54 IST" name="testLog" finished-at="2021-03-03T15:34:54 IST" duration-ms="0" status="PASS">
          <reporter-output>
          </reporter-output>
        </test-method> <!-- testLog -->
        <test-method signature="signInTest(java.util.Hashtable)[pri:0, instance:com.SignInTest@4158debd]" started-at="2021-03-03T15:34:55 IST" name="signInTest" data-provider="dp" finished-at="2021-03-03T15:35:30 IST" duration-ms="34709" status="PASS">
          <params>
            <param index="0">
              <value>
                <![CDATA[{password=Selenium@123, runmode=Y, username=java@way2automation.com}]]>
              </value>
            </param>
          </params>
          <reporter-output>
          </reporter-output>
        </test-method> <!-- signInTest -->
        <test-method is-config="true" signature="end()[pri:0, instance:com.SignInTest@4158debd]" started-at="2021-03-03T15:34:55 IST" name="end" finished-at="2021-03-03T15:34:55 IST" duration-ms="0" status="PASS">
          <reporter-output>
          </reporter-output>
        </test-method> <!-- end -->
        <test-method signature="signInTest(java.util.Hashtable)[pri:0, instance:com.SignInTest@4158debd]" started-at="2021-03-03T15:34:55 IST" name="signInTest" data-provider="dp" finished-at="2021-03-03T15:34:55 IST" duration-ms="0" status="SKIP">
          <params>
            <param index="0">
              <value>
                <![CDATA[{password=Selenium@123, runmode=N, username=trainer@way2automation.com}]]>
              </value>
            </param>
          </params>
          <exception class="org.testng.SkipException">
            <message>
              <![CDATA[Skipping the test as the Run mode is NO]]>
            </message>
            <full-stacktrace>
              <![CDATA[org.testng.SkipException: Skipping the test as the Run mode is NO
at com.SignInTest.signInTest(SignInTest.java:23)
at java.base/jdk.internal.reflect.NativeMethodAccessorImpl.invoke0(Native Method)
at java.base/jdk.internal.reflect.NativeMethodAccessorImpl.invoke(NativeMethodAccessorImpl.java:62)
at java.base/jdk.internal.reflect.DelegatingMethodAccessorImpl.invoke(DelegatingMethodAccessorImpl.java:43)
at java.base/java.lang.reflect.Method.invoke(Method.java:566)
at org.testng.internal.MethodInvocationHelper.invokeMethod(MethodInvocationHelper.java:133)
at org.testng.internal.TestInvoker.invokeMethod(TestInvoker.java:598)
at org.testng.internal.TestInvoker.invokeTestMethod(TestInvoker.java:173)
at org.testng.internal.MethodRunner.runInSequence(MethodRunner.java:46)
at org.testng.internal.TestInvoker$MethodInvocationAgent.invoke(TestInvoker.java:824)
at org.testng.internal.TestInvoker.invokeTestMethods(TestInvoker.java:146)
at org.testng.internal.TestMethodWorker.invokeTestMethods(TestMethodWorker.java:146)
at org.testng.internal.TestMethodWorker.run(TestMethodWorker.java:128)
at java.base/java.util.ArrayList.forEach(ArrayList.java:1541)
at org.testng.TestRunner.privateRun(TestRunner.java:794)
at org.testng.TestRunner.run(TestRunner.java:596)
at org.testng.SuiteRunner.runTest(SuiteRunner.java:377)
at org.testng.SuiteRunner.runSequentially(SuiteRunner.java:371)
at org.testng.SuiteRunner.privateRun(SuiteRunner.java:332)
at org.testng.SuiteRunner.run(SuiteRunner.java:276)
at org.testng.SuiteRunnerWorker.runSuite(SuiteRunnerWorker.java:53)
at org.testng.SuiteRunnerWorker.run(SuiteRunnerWorker.java:96)
at org.testng.TestNG.runSuitesSequentially(TestNG.java:1212)
at org.testng.TestNG.runSuitesLocally(TestNG.java:1134)
at org.testng.TestNG.runSuites(TestNG.java:1063)
at org.testng.TestNG.run(TestNG.java:1031)
at org.apache.maven.surefire.testng.TestNGExecutor.run(TestNGExecutor.java:178)
at org.apache.maven.surefire.testng.TestNGXmlTestSuite.execute(TestNGXmlTestSuite.java:92)
at org.apache.maven.surefire.testng.TestNGProvider.invoke(TestNGProvider.java:96)
at java.base/jdk.internal.reflect.NativeMethodAccessorImpl.invoke0(Native Method)
at java.base/jdk.internal.reflect.NativeMethodAccessorImpl.invoke(NativeMethodAccessorImpl.java:62)
at java.base/jdk.internal.reflect.DelegatingMethodAccessorImpl.invoke(DelegatingMethodAccessorImpl.java:43)
at java.base/java.lang.reflect.Method.invoke(Method.java:566)
at org.apache.maven.surefire.util.ReflectionUtils.invokeMethodWithArray2(ReflectionUtils.java:208)
at org.apache.maven.surefire.booter.ProviderFactory$ProviderProxy.invoke(ProviderFactory.java:159)
at org.apache.maven.surefire.booter.ProviderFactory.invokeProvider(ProviderFactory.java:87)
at org.apache.maven.surefire.booter.ForkedBooter.runSuitesInProcess(ForkedBooter.java:153)
at org.apache.maven.surefire.booter.ForkedBooter.main(ForkedBooter.java:95)
]]>
            </full-stacktrace>
          </exception> <!-- org.testng.SkipException -->
          <reporter-output>
          </reporter-output>
        </test-method> <!-- signInTest -->
        <test-method is-config="true" signature="end()[pri:0, instance:com.SignInTest@4158debd]" started-at="2021-03-03T15:35:30 IST" name="end" finished-at="2021-03-03T15:35:30 IST" duration-ms="687" status="PASS">
          <reporter-output>
          </reporter-output>
        </test-method> <!-- end -->
      </class> <!-- com.SignInTest -->
      <class name="com.SearchProductTest">
        <test-method signature="searchProductTest(java.util.Hashtable)[pri:0, instance:com.SearchProductTest@1965539b]" started-at="2021-03-03T15:36:05 IST" name="searchProductTest" data-provider="dp" finished-at="2021-03-03T15:36:45 IST" duration-ms="39650" status="PASS">
          <params>
            <param index="0">
              <value>
                <![CDATA[{password=jR@1372jitu, productName=Realme Narzo 20A (Glory Silver, 64 GB)  (4 GB RAM), runmode=Y, username=9966671896, =}]]>
              </value>
            </param>
          </params>
          <reporter-output>
          </reporter-output>
        </test-method> <!-- searchProductTest -->
        <test-method signature="testLog()[pri:0, instance:com.SearchProductTest@1965539b]" started-at="2021-03-03T15:36:05 IST" name="testLog" finished-at="2021-03-03T15:36:05 IST" duration-ms="0" status="PASS">
          <reporter-output>
          </reporter-output>
        </test-method> <!-- testLog -->
        <test-method is-config="true" signature="end()[pri:0, instance:com.SearchProductTest@1965539b]" started-at="2021-03-03T15:36:05 IST" name="end" finished-at="2021-03-03T15:36:05 IST" duration-ms="0" status="PASS">
          <reporter-output>
          </reporter-output>
        </test-method> <!-- end -->
        <test-method is-config="true" signature="end()[pri:0, instance:com.SearchProductTest@1965539b]" started-at="2021-03-03T15:36:45 IST" name="end" finished-at="2021-03-03T15:36:45 IST" duration-ms="658" status="PASS">
          <reporter-output>
          </reporter-output>
        </test-method> <!-- end -->
        <test-method signature="searchProductTest(java.util.Hashtable)[pri:0, instance:com.SearchProductTest@1965539b]" started-at="2021-03-03T15:36:45 IST" name="searchProductTest" data-provider="dp" finished-at="2021-03-03T15:36:45 IST" duration-ms="0" status="SKIP">
          <params>
            <param index="0">
              <value>
                <![CDATA[{password=jR@1372jitu, productName=Realme Narzo 20A (Glory Silver, 64 GB)  (4 GB RAM), runmode=N, username=9966671896, =}]]>
              </value>
            </param>
          </params>
          <exception class="org.testng.SkipException">
            <message>
              <![CDATA[Skipping the test as the Run mode is NO]]>
            </message>
            <full-stacktrace>
              <![CDATA[org.testng.SkipException: Skipping the test as the Run mode is NO
at com.SearchProductTest.searchProductTest(SearchProductTest.java:19)
at java.base/jdk.internal.reflect.NativeMethodAccessorImpl.invoke0(Native Method)
at java.base/jdk.internal.reflect.NativeMethodAccessorImpl.invoke(NativeMethodAccessorImpl.java:62)
at java.base/jdk.internal.reflect.DelegatingMethodAccessorImpl.invoke(DelegatingMethodAccessorImpl.java:43)
at java.base/java.lang.reflect.Method.invoke(Method.java:566)
at org.testng.internal.MethodInvocationHelper.invokeMethod(MethodInvocationHelper.java:133)
at org.testng.internal.TestInvoker.invokeMethod(TestInvoker.java:598)
at org.testng.internal.TestInvoker.invokeTestMethod(TestInvoker.java:173)
at org.testng.internal.MethodRunner.runInSequence(MethodRunner.java:46)
at org.testng.internal.TestInvoker$MethodInvocationAgent.invoke(TestInvoker.java:824)
at org.testng.internal.TestInvoker.invokeTestMethods(TestInvoker.java:146)
at org.testng.internal.TestMethodWorker.invokeTestMethods(TestMethodWorker.java:146)
at org.testng.internal.TestMethodWorker.run(TestMethodWorker.java:128)
at java.base/java.util.ArrayList.forEach(ArrayList.java:1541)
at org.testng.TestRunner.privateRun(TestRunner.java:794)
at org.testng.TestRunner.run(TestRunner.java:596)
at org.testng.SuiteRunner.runTest(SuiteRunner.java:377)
at org.testng.SuiteRunner.runSequentially(SuiteRunner.java:371)
at org.testng.SuiteRunner.privateRun(SuiteRunner.java:332)
at org.testng.SuiteRunner.run(SuiteRunner.java:276)
at org.testng.SuiteRunnerWorker.runSuite(SuiteRunnerWorker.java:53)
at org.testng.SuiteRunnerWorker.run(SuiteRunnerWorker.java:96)
at org.testng.TestNG.runSuitesSequentially(TestNG.java:1212)
at org.testng.TestNG.runSuitesLocally(TestNG.java:1134)
at org.testng.TestNG.runSuites(TestNG.java:1063)
at org.testng.TestNG.run(TestNG.java:1031)
at org.apache.maven.surefire.testng.TestNGExecutor.run(TestNGExecutor.java:178)
at org.apache.maven.surefire.testng.TestNGXmlTestSuite.execute(TestNGXmlTestSuite.java:92)
at org.apache.maven.surefire.testng.TestNGProvider.invoke(TestNGProvider.java:96)
at java.base/jdk.internal.reflect.NativeMethodAccessorImpl.invoke0(Native Method)
at java.base/jdk.internal.reflect.NativeMethodAccessorImpl.invoke(NativeMethodAccessorImpl.java:62)
at java.base/jdk.internal.reflect.DelegatingMethodAccessorImpl.invoke(DelegatingMethodAccessorImpl.java:43)
at java.base/java.lang.reflect.Method.invoke(Method.java:566)
at org.apache.maven.surefire.util.ReflectionUtils.invokeMethodWithArray2(ReflectionUtils.java:208)
at org.apache.maven.surefire.booter.ProviderFactory$ProviderProxy.invoke(ProviderFactory.java:159)
at org.apache.maven.surefire.booter.ProviderFactory.invokeProvider(ProviderFactory.java:87)
at org.apache.maven.surefire.booter.ForkedBooter.runSuitesInProcess(ForkedBooter.java:153)
at org.apache.maven.surefire.booter.ForkedBooter.main(ForkedBooter.java:95)
]]>
            </full-stacktrace>
          </exception> <!-- org.testng.SkipException -->
          <reporter-output>
          </reporter-output>
        </test-method> <!-- searchProductTest -->
        <test-method is-config="true" signature="end()[pri:0, instance:com.SearchProductTest@1965539b]" started-at="2021-03-03T15:36:45 IST" name="end" finished-at="2021-03-03T15:36:45 IST" duration-ms="0" status="PASS">
          <reporter-output>
          </reporter-output>
        </test-method> <!-- end -->
      </class> <!-- com.SearchProductTest -->
    </test> <!-- Test -->
  </suite> <!-- Shopping Website Flipkart Automation -->
</testng-results>
